<?xml version="1.0" encoding="UTF-8"?>
<!-- Generated by org.testng.reporters.JUnitReportReporter -->
<testsuite hostname="DESKTOP-Q51NHIQ" failures="0" tests="3" name="testNG_package.PriorityClass" time="42.684" errors="0" timestamp="2023-12-09T12:58:51 MST" skipped="0">
  <testcase classname="testNG_package.PriorityClass" name="openingYahooSite" time="31.386"/>
  <system-out/>
  <testcase classname="testNG_package.PriorityClass" name="openingAmazonSite" time="5.294"/>
  <system-out/>
  <testcase classname="testNG_package.PriorityClass" name="openingCnbcSite" time="6.004"/>
  <system-out/>
</testsuite> <!-- testNG_package.PriorityClass -->
