<?xml version="1.0" encoding="UTF-8"?>
<!-- Generated by org.testng.reporters.JUnitReportReporter -->
<testsuite hostname="DESKTOP-Q51NHIQ" failures="0" tests="3" name="testNG_package.OpenWebsite" time="42.609" errors="0" timestamp="2023-12-09T12:49:42 MST" skipped="0">
  <testcase classname="testNG_package.OpenWebsite" name="openingAmazonSite" time="6.212"/>
  <system-out/>
  <testcase classname="testNG_package.OpenWebsite" name="openingCnbcSite" time="5.638"/>
  <system-out/>
  <testcase classname="testNG_package.OpenWebsite" name="openingYahooSite" time="30.759"/>
  <system-out/>
</testsuite> <!-- testNG_package.OpenWebsite -->
