<?xml version="1.0" encoding="UTF-8"?>
<!-- Generated by org.testng.reporters.JUnitReportReporter -->
<testsuite hostname="DESKTOP-Q51NHIQ" failures="0" tests="3" name="testNG_package.DataProviderClass" time="14.523" errors="0" timestamp="2024-01-07T12:27:15 MST" skipped="0">
  <testcase classname="testNG_package.DataProviderClass" name="checking" time="5.491"/>
  <system-out/>
  <testcase classname="testNG_package.DataProviderClass" name="checking" time="4.092"/>
  <system-out/>
  <testcase classname="testNG_package.DataProviderClass" name="checking" time="4.940"/>
  <system-out/>
</testsuite> <!-- testNG_package.DataProviderClass -->
