<?xml version="1.0" encoding="UTF-8"?>
<!-- Generated by org.testng.reporters.JUnitReportReporter -->
<testsuite hostname="DESKTOP-Q51NHIQ" failures="0" tests="2" name="testNG_package.BeforeCode" time="6.023" errors="0" timestamp="2024-01-06T12:49:58 MST" skipped="0">
  <testcase classname="testNG_package.BeforeCode" name="performLogin" time="3.905"/>
  <system-out/>
  <testcase classname="testNG_package.BeforeCode" name="assertHomePage" time="2.118"/>
  <system-out/>
</testsuite> <!-- testNG_package.BeforeCode -->
