<?xml version="1.0" encoding="UTF-8"?>
<!-- Generated by org.testng.reporters.JUnitReportReporter -->
<testsuite hostname="DESKTOP-Q51NHIQ" failures="0" tests="2" name="testNG_package.TimeOutClass" time="2.017" errors="0" timestamp="2024-01-07T12:36:50 MST" skipped="0">
  <testcase classname="testNG_package.TimeOutClass" name="waitFor2Seconds" time="2.005"/>
  <system-out/>
  <testcase classname="testNG_package.TimeOutClass" name="simplePrint" time="0.012"/>
  <system-out/>
</testsuite> <!-- testNG_package.TimeOutClass -->
